<?xml version="1.0" encoding="UTF-8"?>
<coverage generated="1663685027280" clover="3.2.0">
  <project timestamp="1663685027280" name="All files">
    <metrics statements="167" coveredstatements="161" conditionals="36" coveredconditionals="31" methods="36" coveredmethods="32" elements="239" coveredelements="224" complexity="0" loc="167" ncloc="167" packages="5" files="13" classes="13"/>
    <package name="src">
      <metrics statements="35" coveredstatements="33" conditionals="3" coveredconditionals="2" methods="8" coveredmethods="7"/>
      <file name="index.ts" path="C:\Users\Usuario\Desktop\pruebas\terranova_api\src\index.ts">
        <metrics statements="35" coveredstatements="33" conditionals="3" coveredconditionals="2" methods="8" coveredmethods="7"/>
        <line num="1" count="1" type="stmt"/>
        <line num="2" count="1" type="stmt"/>
        <line num="3" count="1" type="stmt"/>
        <line num="4" count="1" type="stmt"/>
        <line num="5" count="1" type="stmt"/>
        <line num="6" count="1" type="stmt"/>
        <line num="8" count="1" type="stmt"/>
        <line num="9" count="1" type="stmt"/>
        <line num="10" count="1" type="stmt"/>
        <line num="11" count="1" type="stmt"/>
        <line num="12" count="1" type="stmt"/>
        <line num="14" count="1" type="stmt"/>
        <line num="17" count="1" type="stmt"/>
        <line num="19" count="2" type="cond" truecount="1" falsecount="1"/>
        <line num="22" count="2" type="cond" truecount="1" falsecount="0"/>
        <line num="24" count="2" type="stmt"/>
        <line num="25" count="2" type="stmt"/>
        <line num="26" count="2" type="stmt"/>
        <line num="27" count="2" type="stmt"/>
        <line num="31" count="2" type="stmt"/>
        <line num="32" count="2" type="stmt"/>
        <line num="33" count="2" type="stmt"/>
        <line num="35" count="2" type="stmt"/>
        <line num="39" count="2" type="stmt"/>
        <line num="40" count="2" type="stmt"/>
        <line num="42" count="2" type="stmt"/>
        <line num="43" count="0" type="stmt"/>
        <line num="48" count="2" type="stmt"/>
        <line num="52" count="1" type="stmt"/>
        <line num="53" count="1" type="stmt"/>
        <line num="57" count="2" type="stmt"/>
        <line num="58" count="2" type="stmt"/>
        <line num="59" count="2" type="stmt"/>
        <line num="61" count="0" type="stmt"/>
        <line num="66" count="1" type="stmt"/>
      </file>
    </package>
    <package name="src.components.container">
      <metrics statements="54" coveredstatements="53" conditionals="19" coveredconditionals="19" methods="10" coveredmethods="10"/>
      <file name="container.controller.ts" path="C:\Users\Usuario\Desktop\pruebas\terranova_api\src\components\container\container.controller.ts">
        <metrics statements="19" coveredstatements="18" conditionals="8" coveredconditionals="8" methods="2" coveredmethods="2"/>
        <line num="2" count="1" type="stmt"/>
        <line num="3" count="1" type="stmt"/>
        <line num="4" count="1" type="stmt"/>
        <line num="6" count="1" type="stmt"/>
        <line num="8" count="2" type="cond" truecount="1" falsecount="0"/>
        <line num="12" count="19" type="stmt"/>
        <line num="13" count="19" type="stmt"/>
        <line num="14" count="19" type="cond" truecount="3" falsecount="0"/>
        <line num="15" count="1" type="stmt"/>
        <line num="21" count="18" type="cond" truecount="3" falsecount="0"/>
        <line num="22" count="1" type="stmt"/>
        <line num="28" count="17" type="stmt"/>
        <line num="29" count="65" type="cond" truecount="1" falsecount="0"/>
        <line num="30" count="4" type="stmt"/>
        <line num="35" count="13" type="stmt"/>
        <line num="36" count="13" type="stmt"/>
        <line num="37" count="13" type="stmt"/>
        <line num="39" count="13" type="stmt"/>
        <line num="41" count="0" type="stmt"/>
      </file>
      <file name="container.entity.ts" path="C:\Users\Usuario\Desktop\pruebas\terranova_api\src\components\container\container.entity.ts">
        <metrics statements="6" coveredstatements="6" conditionals="0" coveredconditionals="0" methods="0" coveredmethods="0"/>
        <line num="1" count="1" type="stmt"/>
        <line num="9" count="1" type="stmt"/>
        <line num="10" count="1" type="stmt"/>
        <line num="15" count="1" type="stmt"/>
        <line num="18" count="1" type="stmt"/>
        <line num="21" count="1" type="stmt"/>
      </file>
      <file name="container.router.ts" path="C:\Users\Usuario\Desktop\pruebas\terranova_api\src\components\container\container.router.ts">
        <metrics statements="6" coveredstatements="6" conditionals="0" coveredconditionals="0" methods="3" coveredmethods="3"/>
        <line num="1" count="1" type="stmt"/>
        <line num="2" count="1" type="stmt"/>
        <line num="4" count="1" type="stmt"/>
        <line num="6" count="2" type="stmt"/>
        <line num="80" count="2" type="stmt"/>
        <line num="81" count="19" type="stmt"/>
      </file>
      <file name="container.service.ts" path="C:\Users\Usuario\Desktop\pruebas\terranova_api\src\components\container\container.service.ts">
        <metrics statements="23" coveredstatements="23" conditionals="11" coveredconditionals="11" methods="5" coveredmethods="5"/>
        <line num="1" count="1" type="stmt"/>
        <line num="4" count="1" type="stmt"/>
        <line num="5" count="13" type="stmt"/>
        <line num="6" count="13" type="stmt"/>
        <line num="8" count="96" type="stmt"/>
        <line num="9" count="13" type="stmt"/>
        <line num="10" count="61" type="cond" truecount="2" falsecount="0"/>
        <line num="11" count="37" type="stmt"/>
        <line num="13" count="37" type="stmt"/>
        <line num="15" count="24" type="stmt"/>
        <line num="18" count="13" type="stmt"/>
        <line num="21" count="1" type="stmt"/>
        <line num="24" count="13" type="stmt"/>
        <line num="26" count="1" type="stmt"/>
        <line num="27" count="61" type="stmt"/>
        <line num="28" count="61" type="stmt"/>
        <line num="35" count="1" type="stmt"/>
        <line num="36" count="65" type="cond" truecount="3" falsecount="0"/>
        <line num="37" count="64" type="cond" truecount="3" falsecount="0"/>
        <line num="38" count="1" type="stmt"/>
        <line num="39" count="63" type="cond" truecount="3" falsecount="0"/>
        <line num="40" count="2" type="stmt"/>
        <line num="41" count="61" type="stmt"/>
      </file>
    </package>
    <package name="src.components.stat">
      <metrics statements="44" coveredstatements="43" conditionals="8" coveredconditionals="6" methods="10" coveredmethods="10"/>
      <file name="stat.controller.ts" path="C:\Users\Usuario\Desktop\pruebas\terranova_api\src\components\stat\stat.controller.ts">
        <metrics statements="8" coveredstatements="7" conditionals="1" coveredconditionals="1" methods="2" coveredmethods="2"/>
        <line num="2" count="1" type="stmt"/>
        <line num="3" count="1" type="stmt"/>
        <line num="5" count="1" type="stmt"/>
        <line num="7" count="2" type="cond" truecount="1" falsecount="0"/>
        <line num="10" count="3" type="stmt"/>
        <line num="11" count="3" type="stmt"/>
        <line num="12" count="3" type="stmt"/>
        <line num="14" count="0" type="stmt"/>
      </file>
      <file name="stat.entity.ts" path="C:\Users\Usuario\Desktop\pruebas\terranova_api\src\components\stat\stat.entity.ts">
        <metrics statements="6" coveredstatements="6" conditionals="0" coveredconditionals="0" methods="0" coveredmethods="0"/>
        <line num="1" count="2" type="stmt"/>
        <line num="14" count="2" type="stmt"/>
        <line num="15" count="2" type="stmt"/>
        <line num="20" count="2" type="stmt"/>
        <line num="23" count="2" type="stmt"/>
        <line num="26" count="2" type="stmt"/>
      </file>
      <file name="stat.router.ts" path="C:\Users\Usuario\Desktop\pruebas\terranova_api\src\components\stat\stat.router.ts">
        <metrics statements="5" coveredstatements="5" conditionals="0" coveredconditionals="0" methods="3" coveredmethods="3"/>
        <line num="1" count="1" type="stmt"/>
        <line num="2" count="1" type="stmt"/>
        <line num="4" count="1" type="stmt"/>
        <line num="6" count="2" type="stmt"/>
        <line num="31" count="3" type="stmt"/>
      </file>
      <file name="stat.service.ts" path="C:\Users\Usuario\Desktop\pruebas\terranova_api\src\components\stat\stat.service.ts">
        <metrics statements="25" coveredstatements="25" conditionals="7" coveredconditionals="5" methods="5" coveredmethods="5"/>
        <line num="2" count="2" type="stmt"/>
        <line num="4" count="2" type="stmt"/>
        <line num="9" count="14" type="cond" truecount="5" falsecount="0"/>
        <line num="10" count="1" type="stmt"/>
        <line num="12" count="13" type="stmt"/>
        <line num="13" count="37" type="stmt"/>
        <line num="14" count="37" type="cond" truecount="0" falsecount="1"/>
        <line num="15" count="37" type="stmt"/>
        <line num="17" count="13" type="stmt"/>
        <line num="18" count="24" type="stmt"/>
        <line num="19" count="24" type="cond" truecount="0" falsecount="1"/>
        <line num="20" count="24" type="stmt"/>
        <line num="23" count="13" type="stmt"/>
        <line num="29" count="13" type="stmt"/>
        <line num="31" count="2" type="stmt"/>
        <line num="32" count="3" type="stmt"/>
        <line num="34" count="3" type="stmt"/>
        <line num="36" count="11" type="stmt"/>
        <line num="37" count="11" type="stmt"/>
        <line num="38" count="11" type="stmt"/>
        <line num="39" count="11" type="stmt"/>
        <line num="47" count="3" type="stmt"/>
        <line num="49" count="3" type="stmt"/>
        <line num="52" count="3" type="stmt"/>
        <line num="55" count="3" type="stmt"/>
      </file>
    </package>
    <package name="src.config">
      <metrics statements="10" coveredstatements="10" conditionals="2" coveredconditionals="1" methods="0" coveredmethods="0"/>
      <file name="config.ts" path="C:\Users\Usuario\Desktop\pruebas\terranova_api\src\config\config.ts">
        <metrics statements="10" coveredstatements="10" conditionals="2" coveredconditionals="1" methods="0" coveredmethods="0"/>
        <line num="1" count="1" type="stmt"/>
        <line num="2" count="1" type="stmt"/>
        <line num="3" count="1" type="stmt"/>
        <line num="4" count="1" type="stmt"/>
        <line num="6" count="1" type="stmt"/>
        <line num="7" count="1" type="stmt"/>
        <line num="9" count="1" type="stmt"/>
        <line num="15" count="1" type="cond" truecount="1" falsecount="1"/>
        <line num="17" count="1" type="stmt"/>
        <line num="22" count="1" type="stmt"/>
      </file>
    </package>
    <package name="src.shared">
      <metrics statements="24" coveredstatements="22" conditionals="4" coveredconditionals="3" methods="8" coveredmethods="5"/>
      <file name="base.router.ts" path="C:\Users\Usuario\Desktop\pruebas\terranova_api\src\shared\base.router.ts">
        <metrics statements="5" coveredstatements="5" conditionals="0" coveredconditionals="0" methods="2" coveredmethods="1"/>
        <line num="1" count="1" type="stmt"/>
        <line num="3" count="1" type="stmt"/>
        <line num="7" count="4" type="stmt"/>
        <line num="8" count="4" type="stmt"/>
        <line num="9" count="4" type="stmt"/>
      </file>
      <file name="http.response.ts" path="C:\Users\Usuario\Desktop\pruebas\terranova_api\src\shared\http.response.ts">
        <metrics statements="12" coveredstatements="10" conditionals="2" coveredconditionals="2" methods="6" coveredmethods="4"/>
        <line num="3" count="1" type="cond" truecount="2" falsecount="0"/>
        <line num="4" count="1" type="stmt"/>
        <line num="5" count="1" type="stmt"/>
        <line num="6" count="1" type="stmt"/>
        <line num="7" count="1" type="stmt"/>
        <line num="8" count="1" type="stmt"/>
        <line num="11" count="1" type="stmt"/>
        <line num="13" count="3" type="stmt"/>
        <line num="20" count="13" type="stmt"/>
        <line num="28" count="0" type="stmt"/>
        <line num="35" count="6" type="stmt"/>
        <line num="43" count="0" type="stmt"/>
      </file>
      <file name="swagger.ts" path="C:\Users\Usuario\Desktop\pruebas\terranova_api\src\shared\swagger.ts">
        <metrics statements="7" coveredstatements="7" conditionals="2" coveredconditionals="1" methods="0" coveredmethods="0"/>
        <line num="1" count="1" type="stmt"/>
        <line num="2" count="1" type="stmt"/>
        <line num="3" count="1" type="stmt"/>
        <line num="5" count="1" type="stmt"/>
        <line num="6" count="1" type="cond" truecount="1" falsecount="1"/>
        <line num="7" count="1" type="stmt"/>
        <line num="23" count="1" type="stmt"/>
      </file>
    </package>
  </project>
</coverage>
