{"C:\\Users\\Usuario\\Desktop\\pruebas\\terranova_api\\src\\index.ts": {"path":"C:\\Users\\Usuario\\Desktop\\pruebas\\terranova_api\\src\\index.ts","statementMap":{"0":{"start":{"line":1,"column":0},"end":{"line":1,"column":47}},"1":{"start":{"line":2,"column":0},"end":{"line":2,"column":31}},"2":{"start":{"line":3,"column":0},"end":{"line":3,"column":28}},"3":{"start":{"line":4,"column":0},"end":{"line":4,"column":28}},"4":{"start":{"line":5,"column":0},"end":{"line":5,"column":24}},"5":{"start":{"line":6,"column":0},"end":{"line":6,"column":43}},"6":{"start":{"line":8,"column":0},"end":{"line":8,"column":54}},"7":{"start":{"line":9,"column":0},"end":{"line":9,"column":37}},"8":{"start":{"line":10,"column":0},"end":{"line":10,"column":41}},"9":{"start":{"line":11,"column":0},"end":{"line":11,"column":74}},"10":{"start":{"line":12,"column":0},"end":{"line":12,"column":59}},"11":{"start":{"line":14,"column":0},"end":{"line":14,"column":16}},"12":{"start":{"line":22,"column":21},"end":{"line":22,"column":50}},"13":{"start":{"line":19,"column":10},"end":{"line":19,"column":44}},"14":{"start":{"line":24,"column":4},"end":{"line":24,"column":25}},"15":{"start":{"line":25,"column":4},"end":{"line":25,"column":23}},"16":{"start":{"line":26,"column":4},"end":{"line":26,"column":18}},"17":{"start":{"line":27,"column":4},"end":{"line":27,"column":21}},"18":{"start":{"line":31,"column":4},"end":{"line":31,"column":33}},"19":{"start":{"line":32,"column":4},"end":{"line":32,"column":57}},"20":{"start":{"line":33,"column":4},"end":{"line":33,"column":25}},"21":{"start":{"line":35,"column":4},"end":{"line":35,"column":32}},"22":{"start":{"line":39,"column":4},"end":{"line":39,"column":38}},"23":{"start":{"line":40,"column":4},"end":{"line":40,"column":66}},"24":{"start":{"line":42,"column":4},"end":{"line":44,"column":7}},"25":{"start":{"line":43,"column":6},"end":{"line":43,"column":58}},"26":{"start":{"line":48,"column":4},"end":{"line":48,"column":67}},"27":{"start":{"line":52,"column":4},"end":{"line":54,"column":7}},"28":{"start":{"line":53,"column":6},"end":{"line":53,"column":74}},"29":{"start":{"line":57,"column":4},"end":{"line":62,"column":null}},"30":{"start":{"line":58,"column":6},"end":{"line":58,"column":30}},"31":{"start":{"line":59,"column":6},"end":{"line":59,"column":70}},"32":{"start":{"line":61,"column":6},"end":{"line":61,"column":37}},"33":{"start":{"line":17,"column":0},"end":{"line":17,"column":13}},"34":{"start":{"line":66,"column":0},"end":{"line":66,"column":25}}},"fnMap":{"0":{"name":"(anonymous_8)","decl":{"start":{"line":21,"column":2},"end":{"line":21,"column":null}},"loc":{"start":{"line":22,"column":68},"end":{"line":28,"column":3}}},"1":{"name":"(anonymous_9)","decl":{"start":{"line":30,"column":2},"end":{"line":30,"column":13}},"loc":{"start":{"line":30,"column":13},"end":{"line":36,"column":3}}},"2":{"name":"(anonymous_10)","decl":{"start":{"line":38,"column":2},"end":{"line":38,"column":8}},"loc":{"start":{"line":38,"column":8},"end":{"line":45,"column":3}}},"3":{"name":"(anonymous_11)","decl":{"start":{"line":42,"column":22},"end":{"line":42,"column":23}},"loc":{"start":{"line":42,"column":36},"end":{"line":44,"column":5}}},"4":{"name":"(anonymous_12)","decl":{"start":{"line":47,"column":2},"end":{"line":47,"column":9}},"loc":{"start":{"line":47,"column":9},"end":{"line":49,"column":3}}},"5":{"name":"(anonymous_13)","decl":{"start":{"line":51,"column":2},"end":{"line":51,"column":8}},"loc":{"start":{"line":51,"column":8},"end":{"line":55,"column":3}}},"6":{"name":"(anonymous_14)","decl":{"start":{"line":52,"column":31},"end":{"line":52,"column":34}},"loc":{"start":{"line":52,"column":36},"end":{"line":54,"column":5}}},"7":{"name":"(anonymous_15)","decl":{"start":{"line":56,"column":8},"end":{"line":56,"column":17}},"loc":{"start":{"line":56,"column":17},"end":{"line":63,"column":null}}}},"branchMap":{"0":{"loc":{"start":{"line":22,"column":21},"end":{"line":22,"column":68}},"type":"default-arg","locations":[{"start":{"line":22,"column":50},"end":{"line":22,"column":68}}]},"1":{"loc":{"start":{"line":19,"column":17},"end":{"line":19,"column":43}},"type":"binary-expr","locations":[{"start":{"line":19,"column":17},"end":{"line":19,"column":33}},{"start":{"line":19,"column":37},"end":{"line":19,"column":43}}]}},"s":{"0":1,"1":1,"2":1,"3":1,"4":1,"5":1,"6":1,"7":1,"8":1,"9":1,"10":1,"11":1,"12":2,"13":2,"14":2,"15":2,"16":2,"17":2,"18":2,"19":2,"20":2,"21":2,"22":2,"23":2,"24":2,"25":0,"26":2,"27":1,"28":1,"29":2,"30":2,"31":2,"32":0,"33":1,"34":1},"f":{"0":2,"1":2,"2":2,"3":0,"4":2,"5":1,"6":1,"7":2},"b":{"0":[2],"1":[2,0]}}
,"C:\\Users\\Usuario\\Desktop\\pruebas\\terranova_api\\src\\components\\container\\container.controller.ts": {"path":"C:\\Users\\Usuario\\Desktop\\pruebas\\terranova_api\\src\\components\\container\\container.controller.ts","statementMap":{"0":{"start":{"line":2,"column":0},"end":{"line":2,"column":56}},"1":{"start":{"line":3,"column":0},"end":{"line":3,"column":52}},"2":{"start":{"line":4,"column":0},"end":{"line":4,"column":58}},"3":{"start":{"line":8,"column":21},"end":{"line":8,"column":50}},"4":{"start":{"line":12,"column":35},"end":{"line":12,"column":43}},"5":{"start":{"line":13,"column":4},"end":{"line":42,"column":null}},"6":{"start":{"line":14,"column":6},"end":{"line":19,"column":null}},"7":{"start":{"line":15,"column":8},"end":{"line":18,"column":10}},"8":{"start":{"line":21,"column":6},"end":{"line":26,"column":null}},"9":{"start":{"line":22,"column":8},"end":{"line":25,"column":10}},"10":{"start":{"line":28,"column":6},"end":{"line":34,"column":null}},"11":{"start":{"line":29,"column":8},"end":{"line":33,"column":12}},"12":{"start":{"line":30,"column":10},"end":{"line":33,"column":12}},"13":{"start":{"line":35,"column":6},"end":{"line":35,"column":58}},"14":{"start":{"line":36,"column":28},"end":{"line":36,"column":71}},"15":{"start":{"line":37,"column":6},"end":{"line":37,"column":55}},"16":{"start":{"line":39,"column":6},"end":{"line":39,"column":49}},"17":{"start":{"line":41,"column":6},"end":{"line":41,"column":49}},"18":{"start":{"line":6,"column":0},"end":{"line":6,"column":13}}},"fnMap":{"0":{"name":"(anonymous_13)","decl":{"start":{"line":7,"column":2},"end":{"line":7,"column":null}},"loc":{"start":{"line":8,"column":68},"end":{"line":9,"column":6}}},"1":{"name":"(anonymous_14)","decl":{"start":{"line":11,"column":15},"end":{"line":11,"column":29}},"loc":{"start":{"line":11,"column":57},"end":{"line":43,"column":null}}}},"branchMap":{"0":{"loc":{"start":{"line":8,"column":21},"end":{"line":8,"column":68}},"type":"default-arg","locations":[{"start":{"line":8,"column":50},"end":{"line":8,"column":68}}]},"1":{"loc":{"start":{"line":14,"column":6},"end":{"line":19,"column":null}},"type":"if","locations":[{"start":{"line":14,"column":6},"end":{"line":19,"column":null}}]},"2":{"loc":{"start":{"line":14,"column":10},"end":{"line":14,"column":48}},"type":"binary-expr","locations":[{"start":{"line":14,"column":10},"end":{"line":14,"column":21}},{"start":{"line":14,"column":25},"end":{"line":14,"column":48}}]},"3":{"loc":{"start":{"line":21,"column":6},"end":{"line":26,"column":null}},"type":"if","locations":[{"start":{"line":21,"column":6},"end":{"line":26,"column":null}}]},"4":{"loc":{"start":{"line":21,"column":10},"end":{"line":21,"column":47}},"type":"binary-expr","locations":[{"start":{"line":21,"column":10},"end":{"line":21,"column":17}},{"start":{"line":21,"column":21},"end":{"line":21,"column":47}}]},"5":{"loc":{"start":{"line":29,"column":8},"end":{"line":33,"column":12}},"type":"if","locations":[{"start":{"line":29,"column":8},"end":{"line":33,"column":12}}]}},"s":{"0":1,"1":1,"2":1,"3":2,"4":19,"5":19,"6":19,"7":1,"8":18,"9":1,"10":17,"11":65,"12":4,"13":13,"14":13,"15":13,"16":13,"17":0,"18":1},"f":{"0":2,"1":19},"b":{"0":[2],"1":[1],"2":[19,19],"3":[1],"4":[18,17],"5":[4]}}
,"C:\\Users\\Usuario\\Desktop\\pruebas\\terranova_api\\src\\components\\container\\container.entity.ts": {"path":"C:\\Users\\Usuario\\Desktop\\pruebas\\terranova_api\\src\\components\\container\\container.entity.ts","statementMap":{"0":{"start":{"line":1,"column":0},"end":{"line":1,"column":87}},"1":{"start":{"line":9,"column":7},"end":{"line":23,"column":null}},"2":{"start":{"line":10,"column":2},"end":{"line":13,"column":null}},"3":{"start":{"line":15,"column":2},"end":{"line":16,"column":null}},"4":{"start":{"line":18,"column":2},"end":{"line":19,"column":null}},"5":{"start":{"line":21,"column":2},"end":{"line":22,"column":null}},"6":{"start":{"line":9,"column":13},"end":{"line":23,"column":null}},"7":{"start":{"line":9,"column":13},"end":{"line":9,"column":28}}},"fnMap":{},"branchMap":{},"s":{"0":1,"1":1,"2":1,"3":1,"4":1,"5":1,"6":1,"7":1},"f":{},"b":{}}
,"C:\\Users\\Usuario\\Desktop\\pruebas\\terranova_api\\src\\components\\container\\container.router.ts": {"path":"C:\\Users\\Usuario\\Desktop\\pruebas\\terranova_api\\src\\components\\container\\container.router.ts","statementMap":{"0":{"start":{"line":1,"column":0},"end":{"line":1,"column":54}},"1":{"start":{"line":2,"column":0},"end":{"line":2,"column":61}},"2":{"start":{"line":6,"column":4},"end":{"line":6,"column":31}},"3":{"start":{"line":80,"column":4},"end":{"line":82,"column":6}},"4":{"start":{"line":81,"column":6},"end":{"line":81,"column":46}},"5":{"start":{"line":4,"column":0},"end":{"line":4,"column":13}}},"fnMap":{"0":{"name":"(anonymous_0)","decl":{"start":{"line":5,"column":2},"end":{"line":5,"column":null}},"loc":{"start":{"line":5,"column":2},"end":{"line":7,"column":3}}},"1":{"name":"(anonymous_1)","decl":{"start":{"line":8,"column":2},"end":{"line":8,"column":8}},"loc":{"start":{"line":8,"column":8},"end":{"line":83,"column":3}}},"2":{"name":"(anonymous_2)","decl":{"start":{"line":80,"column":36},"end":{"line":80,"column":37}},"loc":{"start":{"line":81,"column":6},"end":{"line":81,"column":46}}}},"branchMap":{},"s":{"0":1,"1":1,"2":2,"3":2,"4":19,"5":1},"f":{"0":2,"1":2,"2":19},"b":{}}
,"C:\\Users\\Usuario\\Desktop\\pruebas\\terranova_api\\src\\components\\container\\container.service.ts": {"path":"C:\\Users\\Usuario\\Desktop\\pruebas\\terranova_api\\src\\components\\container\\container.service.ts","statementMap":{"0":{"start":{"line":1,"column":0},"end":{"line":1,"column":53}},"1":{"start":{"line":5,"column":18},"end":{"line":5,"column":20}},"2":{"start":{"line":6,"column":17},"end":{"line":6,"column":19}},"3":{"start":{"line":8,"column":2},"end":{"line":8,"column":65}},"4":{"start":{"line":8,"column":28},"end":{"line":8,"column":63}},"5":{"start":{"line":9,"column":2},"end":{"line":17,"column":null}},"6":{"start":{"line":10,"column":4},"end":{"line":16,"column":null}},"7":{"start":{"line":11,"column":6},"end":{"line":11,"column":40}},"8":{"start":{"line":13,"column":6},"end":{"line":13,"column":52}},"9":{"start":{"line":15,"column":6},"end":{"line":15,"column":51}},"10":{"start":{"line":18,"column":2},"end":{"line":18,"column":27}},"11":{"start":{"line":4,"column":0},"end":{"line":4,"column":16}},"12":{"start":{"line":24,"column":2},"end":{"line":24,"column":48}},"13":{"start":{"line":21,"column":0},"end":{"line":21,"column":22}},"14":{"start":{"line":27,"column":50},"end":{"line":27,"column":59}},"15":{"start":{"line":28,"column":2},"end":{"line":32,"column":4}},"16":{"start":{"line":26,"column":0},"end":{"line":26,"column":16}},"17":{"start":{"line":36,"column":2},"end":{"line":36,"column":74}},"18":{"start":{"line":36,"column":61},"end":{"line":36,"column":74}},"19":{"start":{"line":37,"column":2},"end":{"line":38,"column":17}},"20":{"start":{"line":38,"column":4},"end":{"line":38,"column":17}},"21":{"start":{"line":39,"column":2},"end":{"line":40,"column":17}},"22":{"start":{"line":40,"column":4},"end":{"line":40,"column":17}},"23":{"start":{"line":41,"column":2},"end":{"line":41,"column":14}},"24":{"start":{"line":35,"column":0},"end":{"line":35,"column":16}}},"fnMap":{"0":{"name":"getKpi","decl":{"start":{"line":4,"column":16},"end":{"line":4,"column":22}},"loc":{"start":{"line":4,"column":67},"end":{"line":19,"column":1}}},"1":{"name":"(anonymous_8)","decl":{"start":{"line":8,"column":18},"end":{"line":8,"column":19}},"loc":{"start":{"line":8,"column":28},"end":{"line":8,"column":63}}},"2":{"name":"createContainers","decl":{"start":{"line":21,"column":22},"end":{"line":21,"column":38}},"loc":{"start":{"line":22,"column":31},"end":{"line":25,"column":null}}},"3":{"name":"convertIntoContainer","decl":{"start":{"line":26,"column":16},"end":{"line":26,"column":36}},"loc":{"start":{"line":26,"column":51},"end":{"line":33,"column":1}}},"4":{"name":"validContainer","decl":{"start":{"line":35,"column":16},"end":{"line":35,"column":30}},"loc":{"start":{"line":35,"column":45},"end":{"line":42,"column":1}}}},"branchMap":{"0":{"loc":{"start":{"line":10,"column":4},"end":{"line":16,"column":null}},"type":"if","locations":[{"start":{"line":10,"column":4},"end":{"line":16,"column":null}},{"start":{"line":14,"column":11},"end":{"line":16,"column":null}}]},"1":{"loc":{"start":{"line":36,"column":2},"end":{"line":36,"column":74}},"type":"if","locations":[{"start":{"line":36,"column":2},"end":{"line":36,"column":74}}]},"2":{"loc":{"start":{"line":36,"column":6},"end":{"line":36,"column":59}},"type":"binary-expr","locations":[{"start":{"line":36,"column":6},"end":{"line":36,"column":21}},{"start":{"line":36,"column":25},"end":{"line":36,"column":59}}]},"3":{"loc":{"start":{"line":37,"column":2},"end":{"line":38,"column":17}},"type":"if","locations":[{"start":{"line":37,"column":2},"end":{"line":38,"column":17}}]},"4":{"loc":{"start":{"line":37,"column":6},"end":{"line":37,"column":77}},"type":"binary-expr","locations":[{"start":{"line":37,"column":6},"end":{"line":37,"column":30}},{"start":{"line":37,"column":34},"end":{"line":37,"column":77}}]},"5":{"loc":{"start":{"line":39,"column":2},"end":{"line":40,"column":17}},"type":"if","locations":[{"start":{"line":39,"column":2},"end":{"line":40,"column":17}}]},"6":{"loc":{"start":{"line":39,"column":6},"end":{"line":39,"column":79}},"type":"binary-expr","locations":[{"start":{"line":39,"column":6},"end":{"line":39,"column":31}},{"start":{"line":39,"column":35},"end":{"line":39,"column":79}}]}},"s":{"0":1,"1":13,"2":13,"3":13,"4":96,"5":13,"6":61,"7":37,"8":37,"9":24,"10":13,"11":1,"12":13,"13":1,"14":61,"15":61,"16":1,"17":65,"18":1,"19":64,"20":1,"21":63,"22":2,"23":61,"24":1},"f":{"0":13,"1":96,"2":13,"3":61,"4":65},"b":{"0":[37,24],"1":[1],"2":[65,65],"3":[1],"4":[64,64],"5":[2],"6":[63,62]}}
,"C:\\Users\\Usuario\\Desktop\\pruebas\\terranova_api\\src\\components\\stat\\stat.controller.ts": {"path":"C:\\Users\\Usuario\\Desktop\\pruebas\\terranova_api\\src\\components\\stat\\stat.controller.ts","statementMap":{"0":{"start":{"line":2,"column":0},"end":{"line":2,"column":58}},"1":{"start":{"line":3,"column":0},"end":{"line":3,"column":46}},"2":{"start":{"line":7,"column":21},"end":{"line":7,"column":50}},"3":{"start":{"line":10,"column":4},"end":{"line":15,"column":null}},"4":{"start":{"line":11,"column":24},"end":{"line":11,"column":57}},"5":{"start":{"line":12,"column":6},"end":{"line":12,"column":50}},"6":{"start":{"line":14,"column":6},"end":{"line":14,"column":49}},"7":{"start":{"line":5,"column":0},"end":{"line":5,"column":13}}},"fnMap":{"0":{"name":"(anonymous_13)","decl":{"start":{"line":6,"column":2},"end":{"line":6,"column":null}},"loc":{"start":{"line":7,"column":68},"end":{"line":8,"column":6}}},"1":{"name":"(anonymous_14)","decl":{"start":{"line":9,"column":15},"end":{"line":9,"column":23}},"loc":{"start":{"line":9,"column":52},"end":{"line":16,"column":null}}}},"branchMap":{"0":{"loc":{"start":{"line":7,"column":21},"end":{"line":7,"column":68}},"type":"default-arg","locations":[{"start":{"line":7,"column":50},"end":{"line":7,"column":68}}]}},"s":{"0":1,"1":1,"2":2,"3":3,"4":3,"5":3,"6":0,"7":1},"f":{"0":2,"1":3},"b":{"0":[2]}}
,"C:\\Users\\Usuario\\Desktop\\pruebas\\terranova_api\\src\\components\\stat\\stat.entity.ts": {"path":"C:\\Users\\Usuario\\Desktop\\pruebas\\terranova_api\\src\\components\\stat\\stat.entity.ts","statementMap":{"0":{"start":{"line":1,"column":0},"end":{"line":1,"column":null}},"1":{"start":{"line":14,"column":7},"end":{"line":28,"column":null}},"2":{"start":{"line":15,"column":2},"end":{"line":18,"column":null}},"3":{"start":{"line":20,"column":2},"end":{"line":21,"column":null}},"4":{"start":{"line":23,"column":2},"end":{"line":24,"column":null}},"5":{"start":{"line":26,"column":2},"end":{"line":27,"column":null}},"6":{"start":{"line":14,"column":13},"end":{"line":28,"column":null}},"7":{"start":{"line":14,"column":13},"end":{"line":14,"column":23}}},"fnMap":{},"branchMap":{},"s":{"0":2,"1":2,"2":2,"3":2,"4":2,"5":2,"6":2,"7":2},"f":{},"b":{}}
,"C:\\Users\\Usuario\\Desktop\\pruebas\\terranova_api\\src\\components\\stat\\stat.router.ts": {"path":"C:\\Users\\Usuario\\Desktop\\pruebas\\terranova_api\\src\\components\\stat\\stat.router.ts","statementMap":{"0":{"start":{"line":1,"column":0},"end":{"line":1,"column":54}},"1":{"start":{"line":2,"column":0},"end":{"line":2,"column":51}},"2":{"start":{"line":6,"column":4},"end":{"line":6,"column":26}},"3":{"start":{"line":31,"column":4},"end":{"line":31,"column":80}},"4":{"start":{"line":31,"column":44},"end":{"line":31,"column":78}},"5":{"start":{"line":4,"column":0},"end":{"line":4,"column":13}}},"fnMap":{"0":{"name":"(anonymous_0)","decl":{"start":{"line":5,"column":2},"end":{"line":5,"column":null}},"loc":{"start":{"line":5,"column":2},"end":{"line":7,"column":3}}},"1":{"name":"(anonymous_1)","decl":{"start":{"line":8,"column":2},"end":{"line":8,"column":8}},"loc":{"start":{"line":8,"column":8},"end":{"line":32,"column":3}}},"2":{"name":"(anonymous_2)","decl":{"start":{"line":31,"column":30},"end":{"line":31,"column":31}},"loc":{"start":{"line":31,"column":44},"end":{"line":31,"column":78}}}},"branchMap":{},"s":{"0":1,"1":1,"2":2,"3":2,"4":3,"5":1},"f":{"0":2,"1":2,"2":3},"b":{}}
,"C:\\Users\\Usuario\\Desktop\\pruebas\\terranova_api\\src\\components\\stat\\stat.service.ts": {"path":"C:\\Users\\Usuario\\Desktop\\pruebas\\terranova_api\\src\\components\\stat\\stat.service.ts","statementMap":{"0":{"start":{"line":2,"column":0},"end":{"line":2,"column":43}},"1":{"start":{"line":9,"column":2},"end":{"line":11,"column":null}},"2":{"start":{"line":10,"column":4},"end":{"line":10,"column":null}},"3":{"start":{"line":12,"column":31},"end":{"line":16,"column":7}},"4":{"start":{"line":13,"column":30},"end":{"line":13,"column":39}},"5":{"start":{"line":14,"column":4},"end":{"line":14,"column":37}},"6":{"start":{"line":14,"column":24},"end":{"line":14,"column":37}},"7":{"start":{"line":15,"column":4},"end":{"line":15,"column":36}},"8":{"start":{"line":17,"column":34},"end":{"line":21,"column":7}},"9":{"start":{"line":18,"column":30},"end":{"line":18,"column":39}},"10":{"start":{"line":19,"column":4},"end":{"line":19,"column":37}},"11":{"start":{"line":19,"column":24},"end":{"line":19,"column":37}},"12":{"start":{"line":20,"column":4},"end":{"line":20,"column":36}},"13":{"start":{"line":23,"column":18},"end":{"line":27,"column":4}},"14":{"start":{"line":29,"column":2},"end":{"line":29,"column":36}},"15":{"start":{"line":4,"column":0},"end":{"line":4,"column":22}},"16":{"start":{"line":32,"column":16},"end":{"line":32,"column":42}},"17":{"start":{"line":34,"column":20},"end":{"line":45,"column":null}},"18":{"start":{"line":36,"column":6},"end":{"line":36,"column":41}},"19":{"start":{"line":37,"column":6},"end":{"line":37,"column":65}},"20":{"start":{"line":38,"column":6},"end":{"line":38,"column":72}},"21":{"start":{"line":39,"column":6},"end":{"line":39,"column":21}},"22":{"start":{"line":47,"column":2},"end":{"line":47,"column":72}},"23":{"start":{"line":49,"column":2},"end":{"line":50,"column":60}},"24":{"start":{"line":52,"column":2},"end":{"line":53,"column":64}},"25":{"start":{"line":55,"column":2},"end":{"line":55,"column":19}},"26":{"start":{"line":31,"column":0},"end":{"line":31,"column":22}}},"fnMap":{"0":{"name":"createStat","decl":{"start":{"line":4,"column":22},"end":{"line":4,"column":32}},"loc":{"start":{"line":7,"column":16},"end":{"line":30,"column":null}}},"1":{"name":"(anonymous_9)","decl":{"start":{"line":12,"column":49},"end":{"line":12,"column":50}},"loc":{"start":{"line":12,"column":70},"end":{"line":16,"column":3}}},"2":{"name":"(anonymous_10)","decl":{"start":{"line":17,"column":55},"end":{"line":17,"column":56}},"loc":{"start":{"line":17,"column":76},"end":{"line":21,"column":3}}},"3":{"name":"getFinalStats","decl":{"start":{"line":31,"column":22},"end":{"line":31,"column":35}},"loc":{"start":{"line":31,"column":35},"end":{"line":56,"column":null}}},"4":{"name":"(anonymous_13)","decl":{"start":{"line":35,"column":4},"end":{"line":35,"column":5}},"loc":{"start":{"line":35,"column":22},"end":{"line":40,"column":5}}}},"branchMap":{"0":{"loc":{"start":{"line":9,"column":2},"end":{"line":11,"column":null}},"type":"if","locations":[{"start":{"line":9,"column":2},"end":{"line":11,"column":null}}]},"1":{"loc":{"start":{"line":9,"column":5},"end":{"line":9,"column":95}},"type":"binary-expr","locations":[{"start":{"line":9,"column":6},"end":{"line":9,"column":17}},{"start":{"line":9,"column":21},"end":{"line":9,"column":44}},{"start":{"line":9,"column":50},"end":{"line":9,"column":64}},{"start":{"line":9,"column":68},"end":{"line":9,"column":94}}]},"2":{"loc":{"start":{"line":14,"column":4},"end":{"line":14,"column":37}},"type":"if","locations":[{"start":{"line":14,"column":4},"end":{"line":14,"column":37}}]},"3":{"loc":{"start":{"line":19,"column":4},"end":{"line":19,"column":37}},"type":"if","locations":[{"start":{"line":19,"column":4},"end":{"line":19,"column":37}}]}},"s":{"0":2,"1":14,"2":1,"3":13,"4":37,"5":37,"6":0,"7":37,"8":13,"9":24,"10":24,"11":0,"12":24,"13":13,"14":13,"15":2,"16":3,"17":3,"18":11,"19":11,"20":11,"21":11,"22":3,"23":3,"24":3,"25":3,"26":2},"f":{"0":14,"1":37,"2":24,"3":3,"4":11},"b":{"0":[1],"1":[14,14,1,1],"2":[0],"3":[0]}}
,"C:\\Users\\Usuario\\Desktop\\pruebas\\terranova_api\\src\\config\\config.ts": {"path":"C:\\Users\\Usuario\\Desktop\\pruebas\\terranova_api\\src\\config\\config.ts","statementMap":{"0":{"start":{"line":1,"column":0},"end":{"line":1,"column":49}},"1":{"start":{"line":2,"column":0},"end":{"line":2,"column":75}},"2":{"start":{"line":3,"column":0},"end":{"line":3,"column":60}},"3":{"start":{"line":4,"column":0},"end":{"line":4,"column":28}},"4":{"start":{"line":6,"column":0},"end":{"line":6,"column":16}},"5":{"start":{"line":7,"column":16},"end":{"line":7,"column":27}},"6":{"start":{"line":9,"column":25},"end":{"line":12,"column":2}},"7":{"start":{"line":15,"column":2},"end":{"line":15,"column":67}},"8":{"start":{"line":17,"column":13},"end":{"line":20,"column":3}},"9":{"start":{"line":22,"column":0},"end":{"line":22,"column":44}}},"fnMap":{},"branchMap":{"0":{"loc":{"start":{"line":15,"column":2},"end":{"line":15,"column":67}},"type":"cond-expr","locations":[{"start":{"line":15,"column":19},"end":{"line":15,"column":40}},{"start":{"line":15,"column":43},"end":{"line":15,"column":67}}]}},"s":{"0":1,"1":1,"2":1,"3":1,"4":1,"5":1,"6":1,"7":1,"8":1,"9":1},"f":{},"b":{"0":[0,1]}}
,"C:\\Users\\Usuario\\Desktop\\pruebas\\terranova_api\\src\\shared\\base.router.ts": {"path":"C:\\Users\\Usuario\\Desktop\\pruebas\\terranova_api\\src\\shared\\base.router.ts","statementMap":{"0":{"start":{"line":1,"column":0},"end":{"line":1,"column":33}},"1":{"start":{"line":7,"column":4},"end":{"line":7,"column":27}},"2":{"start":{"line":8,"column":4},"end":{"line":8,"column":40}},"3":{"start":{"line":9,"column":4},"end":{"line":9,"column":18}},"4":{"start":{"line":3,"column":0},"end":{"line":3,"column":13}}},"fnMap":{"0":{"name":"(anonymous_0)","decl":{"start":{"line":6,"column":2},"end":{"line":6,"column":14}},"loc":{"start":{"line":6,"column":40},"end":{"line":10,"column":3}}},"1":{"name":"(anonymous_1)","decl":{"start":{"line":12,"column":2},"end":{"line":12,"column":8}},"loc":{"start":{"line":12,"column":8},"end":{"line":12,"column":13}}}},"branchMap":{},"s":{"0":1,"1":4,"2":4,"3":4,"4":1},"f":{"0":4,"1":0},"b":{}}
,"C:\\Users\\Usuario\\Desktop\\pruebas\\terranova_api\\src\\shared\\http.response.ts": {"path":"C:\\Users\\Usuario\\Desktop\\pruebas\\terranova_api\\src\\shared\\http.response.ts","statementMap":{"0":{"start":{"line":3,"column":0},"end":{"line":3,"column":null}},"1":{"start":{"line":4,"column":2},"end":{"line":4,"column":null}},"2":{"start":{"line":5,"column":2},"end":{"line":5,"column":null}},"3":{"start":{"line":6,"column":2},"end":{"line":6,"column":null}},"4":{"start":{"line":7,"column":2},"end":{"line":7,"column":null}},"5":{"start":{"line":8,"column":2},"end":{"line":8,"column":null}},"6":{"start":{"line":13,"column":4},"end":{"line":17,"column":7}},"7":{"start":{"line":20,"column":4},"end":{"line":24,"column":7}},"8":{"start":{"line":28,"column":4},"end":{"line":32,"column":7}},"9":{"start":{"line":35,"column":4},"end":{"line":39,"column":7}},"10":{"start":{"line":43,"column":4},"end":{"line":47,"column":7}},"11":{"start":{"line":11,"column":0},"end":{"line":11,"column":13}}},"fnMap":{"0":{"name":"(anonymous_0)","decl":{"start":{"line":3,"column":0},"end":{"line":3,"column":5}},"loc":{"start":{"line":3,"column":15},"end":{"line":9,"column":1}}},"1":{"name":"(anonymous_1)","decl":{"start":{"line":12,"column":2},"end":{"line":12,"column":4}},"loc":{"start":{"line":12,"column":30},"end":{"line":18,"column":3}}},"2":{"name":"(anonymous_2)","decl":{"start":{"line":19,"column":2},"end":{"line":19,"column":9}},"loc":{"start":{"line":19,"column":35},"end":{"line":25,"column":3}}},"3":{"name":"(anonymous_3)","decl":{"start":{"line":27,"column":2},"end":{"line":27,"column":10}},"loc":{"start":{"line":27,"column":37},"end":{"line":33,"column":3}}},"4":{"name":"(anonymous_4)","decl":{"start":{"line":34,"column":2},"end":{"line":34,"column":12}},"loc":{"start":{"line":34,"column":39},"end":{"line":40,"column":3}}},"5":{"name":"(anonymous_5)","decl":{"start":{"line":42,"column":2},"end":{"line":42,"column":7}},"loc":{"start":{"line":42,"column":34},"end":{"line":48,"column":3}}}},"branchMap":{"0":{"loc":{"start":{"line":3,"column":5},"end":{"line":3,"column":null}},"type":"binary-expr","locations":[{"start":{"line":3,"column":5},"end":{"line":3,"column":15}},{"start":{"line":3,"column":5},"end":{"line":3,"column":null}}]}},"s":{"0":1,"1":1,"2":1,"3":1,"4":1,"5":1,"6":3,"7":13,"8":0,"9":6,"10":0,"11":1},"f":{"0":1,"1":3,"2":13,"3":0,"4":6,"5":0},"b":{"0":[1,1]}}
,"C:\\Users\\Usuario\\Desktop\\pruebas\\terranova_api\\src\\shared\\swagger.ts": {"path":"C:\\Users\\Usuario\\Desktop\\pruebas\\terranova_api\\src\\shared\\swagger.ts","statementMap":{"0":{"start":{"line":1,"column":0},"end":{"line":1,"column":41}},"1":{"start":{"line":2,"column":0},"end":{"line":2,"column":45}},"2":{"start":{"line":3,"column":0},"end":{"line":3,"column":28}},"3":{"start":{"line":5,"column":0},"end":{"line":5,"column":16}},"4":{"start":{"line":6,"column":13},"end":{"line":6,"column":37}},"5":{"start":{"line":7,"column":16},"end":{"line":21,"column":2}},"6":{"start":{"line":23,"column":13},"end":{"line":23,"column":43}}},"fnMap":{},"branchMap":{"0":{"loc":{"start":{"line":6,"column":13},"end":{"line":6,"column":37}},"type":"binary-expr","locations":[{"start":{"line":6,"column":13},"end":{"line":6,"column":29}},{"start":{"line":6,"column":33},"end":{"line":6,"column":37}}]}},"s":{"0":1,"1":1,"2":1,"3":1,"4":1,"5":1,"6":1},"f":{},"b":{"0":[1,0]}}
}
