TN:
SF:src\index.ts
FN:21,(anonymous_8)
FN:30,(anonymous_9)
FN:38,(anonymous_10)
FN:42,(anonymous_11)
FN:47,(anonymous_12)
FN:51,(anonymous_13)
FN:52,(anonymous_14)
FN:56,(anonymous_15)
FNF:8
FNH:7
FNDA:2,(anonymous_8)
FNDA:2,(anonymous_9)
FNDA:2,(anonymous_10)
FNDA:0,(anonymous_11)
FNDA:2,(anonymous_12)
FNDA:1,(anonymous_13)
FNDA:1,(anonymous_14)
FNDA:2,(anonymous_15)
DA:1,1
DA:2,1
DA:3,1
DA:4,1
DA:5,1
DA:6,1
DA:8,1
DA:9,1
DA:10,1
DA:11,1
DA:12,1
DA:14,1
DA:17,1
DA:19,2
DA:22,2
DA:24,2
DA:25,2
DA:26,2
DA:27,2
DA:31,2
DA:32,2
DA:33,2
DA:35,2
DA:39,2
DA:40,2
DA:42,2
DA:43,0
DA:48,2
DA:52,1
DA:53,1
DA:57,2
DA:58,2
DA:59,2
DA:61,0
DA:66,1
LF:35
LH:33
BRDA:22,0,0,2
BRDA:19,1,0,2
BRDA:19,1,1,0
BRF:3
BRH:2
end_of_record
TN:
SF:src\components\container\container.controller.ts
FN:7,(anonymous_13)
FN:11,(anonymous_14)
FNF:2
FNH:2
FNDA:2,(anonymous_13)
FNDA:19,(anonymous_14)
DA:2,1
DA:3,1
DA:4,1
DA:6,1
DA:8,2
DA:12,19
DA:13,19
DA:14,19
DA:15,1
DA:21,18
DA:22,1
DA:28,17
DA:29,65
DA:30,4
DA:35,13
DA:36,13
DA:37,13
DA:39,13
DA:41,0
LF:19
LH:18
BRDA:8,0,0,2
BRDA:14,1,0,1
BRDA:14,2,0,19
BRDA:14,2,1,19
BRDA:21,3,0,1
BRDA:21,4,0,18
BRDA:21,4,1,17
BRDA:29,5,0,4
BRF:8
BRH:8
end_of_record
TN:
SF:src\components\container\container.entity.ts
FNF:0
FNH:0
DA:1,1
DA:9,1
DA:10,1
DA:15,1
DA:18,1
DA:21,1
LF:6
LH:6
BRF:0
BRH:0
end_of_record
TN:
SF:src\components\container\container.router.ts
FN:5,(anonymous_0)
FN:8,(anonymous_1)
FN:80,(anonymous_2)
FNF:3
FNH:3
FNDA:2,(anonymous_0)
FNDA:2,(anonymous_1)
FNDA:19,(anonymous_2)
DA:1,1
DA:2,1
DA:4,1
DA:6,2
DA:80,2
DA:81,19
LF:6
LH:6
BRF:0
BRH:0
end_of_record
TN:
SF:src\components\container\container.service.ts
FN:4,getKpi
FN:8,(anonymous_8)
FN:21,createContainers
FN:26,convertIntoContainer
FN:35,validContainer
FNF:5
FNH:5
FNDA:13,getKpi
FNDA:96,(anonymous_8)
FNDA:13,createContainers
FNDA:61,convertIntoContainer
FNDA:65,validContainer
DA:1,1
DA:4,1
DA:5,13
DA:6,13
DA:8,96
DA:9,13
DA:10,61
DA:11,37
DA:13,37
DA:15,24
DA:18,13
DA:21,1
DA:24,13
DA:26,1
DA:27,61
DA:28,61
DA:35,1
DA:36,65
DA:37,64
DA:38,1
DA:39,63
DA:40,2
DA:41,61
LF:23
LH:23
BRDA:10,0,0,37
BRDA:10,0,1,24
BRDA:36,1,0,1
BRDA:36,2,0,65
BRDA:36,2,1,65
BRDA:37,3,0,1
BRDA:37,4,0,64
BRDA:37,4,1,64
BRDA:39,5,0,2
BRDA:39,6,0,63
BRDA:39,6,1,62
BRF:11
BRH:11
end_of_record
TN:
SF:src\components\stat\stat.controller.ts
FN:6,(anonymous_13)
FN:9,(anonymous_14)
FNF:2
FNH:2
FNDA:2,(anonymous_13)
FNDA:3,(anonymous_14)
DA:2,1
DA:3,1
DA:5,1
DA:7,2
DA:10,3
DA:11,3
DA:12,3
DA:14,0
LF:8
LH:7
BRDA:7,0,0,2
BRF:1
BRH:1
end_of_record
TN:
SF:src\components\stat\stat.entity.ts
FNF:0
FNH:0
DA:1,2
DA:14,2
DA:15,2
DA:20,2
DA:23,2
DA:26,2
LF:6
LH:6
BRF:0
BRH:0
end_of_record
TN:
SF:src\components\stat\stat.router.ts
FN:5,(anonymous_0)
FN:8,(anonymous_1)
FN:31,(anonymous_2)
FNF:3
FNH:3
FNDA:2,(anonymous_0)
FNDA:2,(anonymous_1)
FNDA:3,(anonymous_2)
DA:1,1
DA:2,1
DA:4,1
DA:6,2
DA:31,3
LF:5
LH:5
BRF:0
BRH:0
end_of_record
TN:
SF:src\components\stat\stat.service.ts
FN:4,createStat
FN:12,(anonymous_9)
FN:17,(anonymous_10)
FN:31,getFinalStats
FN:35,(anonymous_13)
FNF:5
FNH:5
FNDA:14,createStat
FNDA:37,(anonymous_9)
FNDA:24,(anonymous_10)
FNDA:3,getFinalStats
FNDA:11,(anonymous_13)
DA:2,2
DA:4,2
DA:9,14
DA:10,1
DA:12,13
DA:13,37
DA:14,37
DA:15,37
DA:17,13
DA:18,24
DA:19,24
DA:20,24
DA:23,13
DA:29,13
DA:31,2
DA:32,3
DA:34,3
DA:36,11
DA:37,11
DA:38,11
DA:39,11
DA:47,3
DA:49,3
DA:52,3
DA:55,3
LF:25
LH:25
BRDA:9,0,0,1
BRDA:9,1,0,14
BRDA:9,1,1,14
BRDA:9,1,2,1
BRDA:9,1,3,1
BRDA:14,2,0,0
BRDA:19,3,0,0
BRF:7
BRH:5
end_of_record
TN:
SF:src\config\config.ts
FNF:0
FNH:0
DA:1,1
DA:2,1
DA:3,1
DA:4,1
DA:6,1
DA:7,1
DA:9,1
DA:15,1
DA:17,1
DA:22,1
LF:10
LH:10
BRDA:15,0,0,0
BRDA:15,0,1,1
BRF:2
BRH:1
end_of_record
TN:
SF:src\shared\base.router.ts
FN:6,(anonymous_0)
FN:12,(anonymous_1)
FNF:2
FNH:1
FNDA:4,(anonymous_0)
FNDA:0,(anonymous_1)
DA:1,1
DA:3,1
DA:7,4
DA:8,4
DA:9,4
LF:5
LH:5
BRF:0
BRH:0
end_of_record
TN:
SF:src\shared\http.response.ts
FN:3,(anonymous_0)
FN:12,(anonymous_1)
FN:19,(anonymous_2)
FN:27,(anonymous_3)
FN:34,(anonymous_4)
FN:42,(anonymous_5)
FNF:6
FNH:4
FNDA:1,(anonymous_0)
FNDA:3,(anonymous_1)
FNDA:13,(anonymous_2)
FNDA:0,(anonymous_3)
FNDA:6,(anonymous_4)
FNDA:0,(anonymous_5)
DA:3,1
DA:4,1
DA:5,1
DA:6,1
DA:7,1
DA:8,1
DA:11,1
DA:13,3
DA:20,13
DA:28,0
DA:35,6
DA:43,0
LF:12
LH:10
BRDA:3,0,0,1
BRDA:3,0,1,1
BRF:2
BRH:2
end_of_record
TN:
SF:src\shared\swagger.ts
FNF:0
FNH:0
DA:1,1
DA:2,1
DA:4,1
DA:20,1
LF:4
LH:4
BRF:0
BRH:0
end_of_record
